c:\users\user\desktop\my_programs\c++ programing\sem_project\project1\project1\debug\vc142.pdb
c:\users\user\desktop\my_programs\c++ programing\sem_project\project1\project1\debug\vc142.idb
c:\users\user\desktop\my_programs\c++ programing\sem_project\project1\project1\debug\user.obj
c:\users\user\desktop\my_programs\c++ programing\sem_project\project1\project1\debug\buyer.obj
c:\users\user\desktop\my_programs\c++ programing\sem_project\project1\project1\debug\owner.obj
c:\users\user\desktop\my_programs\c++ programing\sem_project\project1\project1\debug\main.obj
c:\users\user\desktop\my_programs\c++ programing\sem_project\project1\project1\debug\pen.obj
c:\users\user\desktop\my_programs\c++ programing\sem_project\project1\project1\debug\item.obj
c:\users\user\desktop\my_programs\c++ programing\sem_project\project1\project1\debug\pencil.obj
c:\users\user\desktop\my_programs\c++ programing\sem_project\project1\project1\debug\notebook.obj
c:\users\user\desktop\my_programs\c++ programing\sem_project\project1\project1\debug\paper.obj
c:\users\user\desktop\my_programs\c++ programing\sem_project\project1\project1\debug\eshop.obj
c:\users\user\desktop\my_programs\c++ programing\sem_project\project1\debug\project1.exe
c:\users\user\desktop\my_programs\c++ programing\sem_project\project1\debug\project1.ilk
c:\users\user\desktop\my_programs\c++ programing\sem_project\project1\debug\project1.pdb
c:\users\user\desktop\my_programs\c++ programing\sem_project\project1\project1\debug\item.new.obj.enc
c:\users\user\desktop\my_programs\c++ programing\sem_project\project1\project1\debug\project1.tlog\cl.command.1.tlog
c:\users\user\desktop\my_programs\c++ programing\sem_project\project1\project1\debug\project1.tlog\cl.read.1.tlog
c:\users\user\desktop\my_programs\c++ programing\sem_project\project1\project1\debug\project1.tlog\cl.write.1.tlog
c:\users\user\desktop\my_programs\c++ programing\sem_project\project1\project1\debug\project1.tlog\link.command.1.tlog
c:\users\user\desktop\my_programs\c++ programing\sem_project\project1\project1\debug\project1.tlog\link.read.1.tlog
c:\users\user\desktop\my_programs\c++ programing\sem_project\project1\project1\debug\project1.tlog\link.write.1.tlog
